Performing Curl Test HAVE_FSETXATTR_5 failed with the following output:
Change Dir: '/Users/wdelaros/Desktop/Cub3D/cmake-3.27.8/CMakeFiles/CMakeTmp'

Run Build Command(s): /Users/wdelaros/Desktop/Cub3D/cmake-3.27.8/Bootstrap.cmk/cmake -E env VERBOSE=1 /usr/bin/make -f Makefile cmTC_90475/fast
make  -f CMakeFiles/cmTC_90475.dir/build.make CMakeFiles/cmTC_90475.dir/build
Building C object CMakeFiles/cmTC_90475.dir/CurlTests.c.o
/Library/Developer/CommandLineTools/usr/bin/clang   -w -DHAVE_FSETXATTR_5  -DHAVE_INTTYPES_H -DHAVE_SYS_FILIO_H -DHAVE_SYS_IOCTL_H -DHAVE_SYS_PARAM_H -DHAVE_SYS_POLL_H -DHAVE_SYS_RESOURCE_H -DHAVE_SYS_SELECT_H -DHAVE_SYS_SOCKET_H -DHAVE_SYS_SOCKIO_H -DHAVE_SYS_STAT_H -DHAVE_SYS_TIME_H -DHAVE_SYS_TYPES_H -DHAVE_SYS_UN_H -DHAVE_SYS_XATTR_H -DHAVE_ARPA_INET_H -DHAVE_ARPA_TFTP_H -DHAVE_FCNTL_H -DHAVE_IFADDRS_H -DHAVE_LIBGEN_H -DHAVE_LOCALE_H -DHAVE_NET_IF_H -DHAVE_NETDB_H -DHAVE_NETINET_IN_H -DHAVE_NETINET_TCP_H -DHAVE_POLL_H -DHAVE_PWD_H -DHAVE_SETJMP_H -DHAVE_SIGNAL_H -DHAVE_STDBOOL_H -DHAVE_STDINT_H -DHAVE_STDLIB_H -DHAVE_STRING_H -DHAVE_STRINGS_H -DHAVE_TERMIOS_H -DHAVE_TIME_H -DHAVE_UNISTD_H -DHAVE_UTIME_H -DHAVE_STDDEF_H -DHAVE_SYS_UTSNAME_H -isysroot /Library/Developer/CommandLineTools/SDKs/MacOSX11.1.sdk -mmacosx-version-min=10.15 -MD -MT CMakeFiles/cmTC_90475.dir/CurlTests.c.o -MF CMakeFiles/cmTC_90475.dir/CurlTests.c.o.d -o CMakeFiles/cmTC_90475.dir/CurlTests.c.o -c /Users/wdelaros/Desktop/Cub3D/cmake-3.27.8/Utilities/cmcurl/CMake/CurlTests.c
/Users/wdelaros/Desktop/Cub3D/cmake-3.27.8/Utilities/cmcurl/CMake/CurlTests.c:431:26: error: too few arguments to function call, expected 6, have 5
  fsetxattr(0, 0, 0, 0, 0);
  ~~~~~~~~~              ^
/Library/Developer/CommandLineTools/SDKs/MacOSX11.1.sdk/usr/include/sys/xattr.h:67:1: note: 'fsetxattr' declared here
int fsetxattr(int fd, const char *name, const void *value, size_t size, u_int32_t position, int options);
^
1 error generated.
make[1]: *** [CMakeFiles/cmTC_90475.dir/CurlTests.c.o] Error 1
make: *** [cmTC_90475/fast] Error 2


Performing Curl Test HAVE_IOCTLSOCKET failed with the following output:
Change Dir: '/Users/wdelaros/Desktop/Cub3D/cmake-3.27.8/CMakeFiles/CMakeTmp'

Run Build Command(s): /Users/wdelaros/Desktop/Cub3D/cmake-3.27.8/Bootstrap.cmk/cmake -E env VERBOSE=1 /usr/bin/make -f Makefile cmTC_3809c/fast
make  -f CMakeFiles/cmTC_3809c.dir/build.make CMakeFiles/cmTC_3809c.dir/build
Building C object CMakeFiles/cmTC_3809c.dir/CurlTests.c.o
/Library/Developer/CommandLineTools/usr/bin/clang   -w -DHAVE_IOCTLSOCKET  -DHAVE_INTTYPES_H -DHAVE_SYS_FILIO_H -DHAVE_SYS_IOCTL_H -DHAVE_SYS_PARAM_H -DHAVE_SYS_POLL_H -DHAVE_SYS_RESOURCE_H -DHAVE_SYS_SELECT_H -DHAVE_SYS_SOCKET_H -DHAVE_SYS_SOCKIO_H -DHAVE_SYS_STAT_H -DHAVE_SYS_TIME_H -DHAVE_SYS_TYPES_H -DHAVE_SYS_UN_H -DHAVE_SYS_XATTR_H -DHAVE_ARPA_INET_H -DHAVE_ARPA_TFTP_H -DHAVE_FCNTL_H -DHAVE_IFADDRS_H -DHAVE_LIBGEN_H -DHAVE_LOCALE_H -DHAVE_NET_IF_H -DHAVE_NETDB_H -DHAVE_NETINET_IN_H -DHAVE_NETINET_TCP_H -DHAVE_POLL_H -DHAVE_PWD_H -DHAVE_SETJMP_H -DHAVE_SIGNAL_H -DHAVE_STDBOOL_H -DHAVE_STDINT_H -DHAVE_STDLIB_H -DHAVE_STRING_H -DHAVE_STRINGS_H -DHAVE_TERMIOS_H -DHAVE_TIME_H -DHAVE_UNISTD_H -DHAVE_UTIME_H -DHAVE_STDDEF_H -DHAVE_SYS_UTSNAME_H -isysroot /Library/Developer/CommandLineTools/SDKs/MacOSX11.1.sdk -mmacosx-version-min=10.15 -MD -MT CMakeFiles/cmTC_3809c.dir/CurlTests.c.o -MF CMakeFiles/cmTC_3809c.dir/CurlTests.c.o.d -o CMakeFiles/cmTC_3809c.dir/CurlTests.c.o -c /Users/wdelaros/Desktop/Cub3D/cmake-3.27.8/Utilities/cmcurl/CMake/CurlTests.c
/Users/wdelaros/Desktop/Cub3D/cmake-3.27.8/Utilities/cmcurl/CMake/CurlTests.c:221:44: error: use of undeclared identifier 'FIONBIO'
 unsigned long flags = ioctlsocket(socket, FIONBIO, &flags);
                                           ^
1 error generated.
make[1]: *** [CMakeFiles/cmTC_3809c.dir/CurlTests.c.o] Error 1
make: *** [cmTC_3809c/fast] Error 2


Performing Curl Test HAVE_IOCTLSOCKET_CAMEL failed with the following output:
Change Dir: '/Users/wdelaros/Desktop/Cub3D/cmake-3.27.8/CMakeFiles/CMakeTmp'

Run Build Command(s): /Users/wdelaros/Desktop/Cub3D/cmake-3.27.8/Bootstrap.cmk/cmake -E env VERBOSE=1 /usr/bin/make -f Makefile cmTC_7d01a/fast
make  -f CMakeFiles/cmTC_7d01a.dir/build.make CMakeFiles/cmTC_7d01a.dir/build
Building C object CMakeFiles/cmTC_7d01a.dir/CurlTests.c.o
/Library/Developer/CommandLineTools/usr/bin/clang   -w -DHAVE_IOCTLSOCKET_CAMEL  -DHAVE_INTTYPES_H -DHAVE_SYS_FILIO_H -DHAVE_SYS_IOCTL_H -DHAVE_SYS_PARAM_H -DHAVE_SYS_POLL_H -DHAVE_SYS_RESOURCE_H -DHAVE_SYS_SELECT_H -DHAVE_SYS_SOCKET_H -DHAVE_SYS_SOCKIO_H -DHAVE_SYS_STAT_H -DHAVE_SYS_TIME_H -DHAVE_SYS_TYPES_H -DHAVE_SYS_UN_H -DHAVE_SYS_XATTR_H -DHAVE_ARPA_INET_H -DHAVE_ARPA_TFTP_H -DHAVE_FCNTL_H -DHAVE_IFADDRS_H -DHAVE_LIBGEN_H -DHAVE_LOCALE_H -DHAVE_NET_IF_H -DHAVE_NETDB_H -DHAVE_NETINET_IN_H -DHAVE_NETINET_TCP_H -DHAVE_POLL_H -DHAVE_PWD_H -DHAVE_SETJMP_H -DHAVE_SIGNAL_H -DHAVE_STDBOOL_H -DHAVE_STDINT_H -DHAVE_STDLIB_H -DHAVE_STRING_H -DHAVE_STRINGS_H -DHAVE_TERMIOS_H -DHAVE_TIME_H -DHAVE_UNISTD_H -DHAVE_UTIME_H -DHAVE_STDDEF_H -DHAVE_SYS_UTSNAME_H -isysroot /Library/Developer/CommandLineTools/SDKs/MacOSX11.1.sdk -mmacosx-version-min=10.15 -MD -MT CMakeFiles/cmTC_7d01a.dir/CurlTests.c.o -MF CMakeFiles/cmTC_7d01a.dir/CurlTests.c.o.d -o CMakeFiles/cmTC_7d01a.dir/CurlTests.c.o -c /Users/wdelaros/Desktop/Cub3D/cmake-3.27.8/Utilities/cmcurl/CMake/CurlTests.c
Linking C executable cmTC_7d01a
/Users/wdelaros/Desktop/Cub3D/cmake-3.27.8/Bootstrap.cmk/cmake -E cmake_link_script CMakeFiles/cmTC_7d01a.dir/link.txt --verbose=1
/Library/Developer/CommandLineTools/usr/bin/clang  -w -DHAVE_IOCTLSOCKET_CAMEL  -DHAVE_INTTYPES_H -DHAVE_SYS_FILIO_H -DHAVE_SYS_IOCTL_H -DHAVE_SYS_PARAM_H -DHAVE_SYS_POLL_H -DHAVE_SYS_RESOURCE_H -DHAVE_SYS_SELECT_H -DHAVE_SYS_SOCKET_H -DHAVE_SYS_SOCKIO_H -DHAVE_SYS_STAT_H -DHAVE_SYS_TIME_H -DHAVE_SYS_TYPES_H -DHAVE_SYS_UN_H -DHAVE_SYS_XATTR_H -DHAVE_ARPA_INET_H -DHAVE_ARPA_TFTP_H -DHAVE_FCNTL_H -DHAVE_IFADDRS_H -DHAVE_LIBGEN_H -DHAVE_LOCALE_H -DHAVE_NET_IF_H -DHAVE_NETDB_H -DHAVE_NETINET_IN_H -DHAVE_NETINET_TCP_H -DHAVE_POLL_H -DHAVE_PWD_H -DHAVE_SETJMP_H -DHAVE_SIGNAL_H -DHAVE_STDBOOL_H -DHAVE_STDINT_H -DHAVE_STDLIB_H -DHAVE_STRING_H -DHAVE_STRINGS_H -DHAVE_TERMIOS_H -DHAVE_TIME_H -DHAVE_UNISTD_H -DHAVE_UTIME_H -DHAVE_STDDEF_H -DHAVE_SYS_UTSNAME_H -isysroot /Library/Developer/CommandLineTools/SDKs/MacOSX11.1.sdk -mmacosx-version-min=10.15 -Wl,-search_paths_first -Wl,-headerpad_max_install_names CMakeFiles/cmTC_7d01a.dir/CurlTests.c.o -o cmTC_7d01a 
Undefined symbols for architecture x86_64:
  "_IoctlSocket", referenced from:
      _main in CurlTests.c.o
ld: symbol(s) not found for architecture x86_64
clang: error: linker command failed with exit code 1 (use -v to see invocation)
make[1]: *** [cmTC_7d01a] Error 1
make: *** [cmTC_7d01a/fast] Error 2


Performing Curl Test HAVE_IOCTLSOCKET_CAMEL_FIONBIO failed with the following output:
Change Dir: '/Users/wdelaros/Desktop/Cub3D/cmake-3.27.8/CMakeFiles/CMakeTmp'

Run Build Command(s): /Users/wdelaros/Desktop/Cub3D/cmake-3.27.8/Bootstrap.cmk/cmake -E env VERBOSE=1 /usr/bin/make -f Makefile cmTC_4f97a/fast
make  -f CMakeFiles/cmTC_4f97a.dir/build.make CMakeFiles/cmTC_4f97a.dir/build
Building C object CMakeFiles/cmTC_4f97a.dir/CurlTests.c.o
/Library/Developer/CommandLineTools/usr/bin/clang   -w -DHAVE_IOCTLSOCKET_CAMEL_FIONBIO  -DHAVE_INTTYPES_H -DHAVE_SYS_FILIO_H -DHAVE_SYS_IOCTL_H -DHAVE_SYS_PARAM_H -DHAVE_SYS_POLL_H -DHAVE_SYS_RESOURCE_H -DHAVE_SYS_SELECT_H -DHAVE_SYS_SOCKET_H -DHAVE_SYS_SOCKIO_H -DHAVE_SYS_STAT_H -DHAVE_SYS_TIME_H -DHAVE_SYS_TYPES_H -DHAVE_SYS_UN_H -DHAVE_SYS_XATTR_H -DHAVE_ARPA_INET_H -DHAVE_ARPA_TFTP_H -DHAVE_FCNTL_H -DHAVE_IFADDRS_H -DHAVE_LIBGEN_H -DHAVE_LOCALE_H -DHAVE_NET_IF_H -DHAVE_NETDB_H -DHAVE_NETINET_IN_H -DHAVE_NETINET_TCP_H -DHAVE_POLL_H -DHAVE_PWD_H -DHAVE_SETJMP_H -DHAVE_SIGNAL_H -DHAVE_STDBOOL_H -DHAVE_STDINT_H -DHAVE_STDLIB_H -DHAVE_STRING_H -DHAVE_STRINGS_H -DHAVE_TERMIOS_H -DHAVE_TIME_H -DHAVE_UNISTD_H -DHAVE_UTIME_H -DHAVE_STDDEF_H -DHAVE_SYS_UTSNAME_H -isysroot /Library/Developer/CommandLineTools/SDKs/MacOSX11.1.sdk -mmacosx-version-min=10.15 -MD -MT CMakeFiles/cmTC_4f97a.dir/CurlTests.c.o -MF CMakeFiles/cmTC_4f97a.dir/CurlTests.c.o.d -o CMakeFiles/cmTC_4f97a.dir/CurlTests.c.o -c /Users/wdelaros/Desktop/Cub3D/cmake-3.27.8/Utilities/cmcurl/CMake/CurlTests.c
/Users/wdelaros/Desktop/Cub3D/cmake-3.27.8/Utilities/cmcurl/CMake/CurlTests.c:269:32: error: use of undeclared identifier 'FIONBIO'
        if(0 != IoctlSocket(0, FIONBIO, &flags))
                               ^
1 error generated.
make[1]: *** [CMakeFiles/cmTC_4f97a.dir/CurlTests.c.o] Error 1
make: *** [cmTC_4f97a/fast] Error 2


Performing Curl Test HAVE_IOCTLSOCKET_FIONBIO failed with the following output:
Change Dir: '/Users/wdelaros/Desktop/Cub3D/cmake-3.27.8/CMakeFiles/CMakeTmp'

Run Build Command(s): /Users/wdelaros/Desktop/Cub3D/cmake-3.27.8/Bootstrap.cmk/cmake -E env VERBOSE=1 /usr/bin/make -f Makefile cmTC_f0d2d/fast
make  -f CMakeFiles/cmTC_f0d2d.dir/build.make CMakeFiles/cmTC_f0d2d.dir/build
Building C object CMakeFiles/cmTC_f0d2d.dir/CurlTests.c.o
/Library/Developer/CommandLineTools/usr/bin/clang   -w -DHAVE_IOCTLSOCKET_FIONBIO  -DHAVE_INTTYPES_H -DHAVE_SYS_FILIO_H -DHAVE_SYS_IOCTL_H -DHAVE_SYS_PARAM_H -DHAVE_SYS_POLL_H -DHAVE_SYS_RESOURCE_H -DHAVE_SYS_SELECT_H -DHAVE_SYS_SOCKET_H -DHAVE_SYS_SOCKIO_H -DHAVE_SYS_STAT_H -DHAVE_SYS_TIME_H -DHAVE_SYS_TYPES_H -DHAVE_SYS_UN_H -DHAVE_SYS_XATTR_H -DHAVE_ARPA_INET_H -DHAVE_ARPA_TFTP_H -DHAVE_FCNTL_H -DHAVE_IFADDRS_H -DHAVE_LIBGEN_H -DHAVE_LOCALE_H -DHAVE_NET_IF_H -DHAVE_NETDB_H -DHAVE_NETINET_IN_H -DHAVE_NETINET_TCP_H -DHAVE_POLL_H -DHAVE_PWD_H -DHAVE_SETJMP_H -DHAVE_SIGNAL_H -DHAVE_STDBOOL_H -DHAVE_STDINT_H -DHAVE_STDLIB_H -DHAVE_STRING_H -DHAVE_STRINGS_H -DHAVE_TERMIOS_H -DHAVE_TIME_H -DHAVE_UNISTD_H -DHAVE_UTIME_H -DHAVE_STDDEF_H -DHAVE_SYS_UTSNAME_H -isysroot /Library/Developer/CommandLineTools/SDKs/MacOSX11.1.sdk -mmacosx-version-min=10.15 -MD -MT CMakeFiles/cmTC_f0d2d.dir/CurlTests.c.o -MF CMakeFiles/cmTC_f0d2d.dir/CurlTests.c.o.d -o CMakeFiles/cmTC_f0d2d.dir/CurlTests.c.o -c /Users/wdelaros/Desktop/Cub3D/cmake-3.27.8/Utilities/cmcurl/CMake/CurlTests.c
/Users/wdelaros/Desktop/Cub3D/cmake-3.27.8/Utilities/cmcurl/CMake/CurlTests.c:292:32: error: use of undeclared identifier 'FIONBIO'
        if(0 != ioctlsocket(0, FIONBIO, &flags))
                               ^
1 error generated.
make[1]: *** [CMakeFiles/cmTC_f0d2d.dir/CurlTests.c.o] Error 1
make: *** [cmTC_f0d2d/fast] Error 2


Performing Curl Test HAVE_SETSOCKOPT_SO_NONBLOCK failed with the following output:
Change Dir: '/Users/wdelaros/Desktop/Cub3D/cmake-3.27.8/CMakeFiles/CMakeTmp'

Run Build Command(s): /Users/wdelaros/Desktop/Cub3D/cmake-3.27.8/Bootstrap.cmk/cmake -E env VERBOSE=1 /usr/bin/make -f Makefile cmTC_cb6e3/fast
make  -f CMakeFiles/cmTC_cb6e3.dir/build.make CMakeFiles/cmTC_cb6e3.dir/build
Building C object CMakeFiles/cmTC_cb6e3.dir/CurlTests.c.o
/Library/Developer/CommandLineTools/usr/bin/clang   -w -DHAVE_SETSOCKOPT_SO_NONBLOCK  -DHAVE_INTTYPES_H -DHAVE_SYS_FILIO_H -DHAVE_SYS_IOCTL_H -DHAVE_SYS_PARAM_H -DHAVE_SYS_POLL_H -DHAVE_SYS_RESOURCE_H -DHAVE_SYS_SELECT_H -DHAVE_SYS_SOCKET_H -DHAVE_SYS_SOCKIO_H -DHAVE_SYS_STAT_H -DHAVE_SYS_TIME_H -DHAVE_SYS_TYPES_H -DHAVE_SYS_UN_H -DHAVE_SYS_XATTR_H -DHAVE_ARPA_INET_H -DHAVE_ARPA_TFTP_H -DHAVE_FCNTL_H -DHAVE_IFADDRS_H -DHAVE_LIBGEN_H -DHAVE_LOCALE_H -DHAVE_NET_IF_H -DHAVE_NETDB_H -DHAVE_NETINET_IN_H -DHAVE_NETINET_TCP_H -DHAVE_POLL_H -DHAVE_PWD_H -DHAVE_SETJMP_H -DHAVE_SIGNAL_H -DHAVE_STDBOOL_H -DHAVE_STDINT_H -DHAVE_STDLIB_H -DHAVE_STRING_H -DHAVE_STRINGS_H -DHAVE_TERMIOS_H -DHAVE_TIME_H -DHAVE_UNISTD_H -DHAVE_UTIME_H -DHAVE_STDDEF_H -DHAVE_SYS_UTSNAME_H -isysroot /Library/Developer/CommandLineTools/SDKs/MacOSX11.1.sdk -mmacosx-version-min=10.15 -MD -MT CMakeFiles/cmTC_cb6e3.dir/CurlTests.c.o -MF CMakeFiles/cmTC_cb6e3.dir/CurlTests.c.o.d -o CMakeFiles/cmTC_cb6e3.dir/CurlTests.c.o -c /Users/wdelaros/Desktop/Cub3D/cmake-3.27.8/Utilities/cmcurl/CMake/CurlTests.c
/Users/wdelaros/Desktop/Cub3D/cmake-3.27.8/Utilities/cmcurl/CMake/CurlTests.c:384:43: error: use of undeclared identifier 'SO_NONBLOCK'
        if(0 != setsockopt(0, SOL_SOCKET, SO_NONBLOCK, 0, 0))
                                          ^
1 error generated.
make[1]: *** [CMakeFiles/cmTC_cb6e3.dir/CurlTests.c.o] Error 1
make: *** [cmTC_cb6e3/fast] Error 2


Performing Curl Test HAVE_O_NONBLOCK failed with the following output:
Change Dir: '/Users/wdelaros/Desktop/Cub3D/cmake-3.27.8/CMakeFiles/CMakeTmp'

Run Build Command(s): /Users/wdelaros/Desktop/Cub3D/cmake-3.27.8/Bootstrap.cmk/cmake -E env VERBOSE=1 /usr/bin/make -f Makefile cmTC_22ffd/fast
make  -f CMakeFiles/cmTC_22ffd.dir/build.make CMakeFiles/cmTC_22ffd.dir/build
Building C object CMakeFiles/cmTC_22ffd.dir/CurlTests.c.o
/Library/Developer/CommandLineTools/usr/bin/clang   -w -DHAVE_O_NONBLOCK  -DHAVE_INTTYPES_H -DHAVE_SYS_FILIO_H -DHAVE_SYS_IOCTL_H -DHAVE_SYS_PARAM_H -DHAVE_SYS_POLL_H -DHAVE_SYS_RESOURCE_H -DHAVE_SYS_SELECT_H -DHAVE_SYS_SOCKET_H -DHAVE_SYS_SOCKIO_H -DHAVE_SYS_STAT_H -DHAVE_SYS_TIME_H -DHAVE_SYS_TYPES_H -DHAVE_SYS_UN_H -DHAVE_SYS_XATTR_H -DHAVE_ARPA_INET_H -DHAVE_ARPA_TFTP_H -DHAVE_FCNTL_H -DHAVE_IFADDRS_H -DHAVE_LIBGEN_H -DHAVE_LOCALE_H -DHAVE_NET_IF_H -DHAVE_NETDB_H -DHAVE_NETINET_IN_H -DHAVE_NETINET_TCP_H -DHAVE_POLL_H -DHAVE_PWD_H -DHAVE_SETJMP_H -DHAVE_SIGNAL_H -DHAVE_STDBOOL_H -DHAVE_STDINT_H -DHAVE_STDLIB_H -DHAVE_STRING_H -DHAVE_STRINGS_H -DHAVE_TERMIOS_H -DHAVE_TIME_H -DHAVE_UNISTD_H -DHAVE_UTIME_H -DHAVE_STDDEF_H -DHAVE_SYS_UTSNAME_H -isysroot /Library/Developer/CommandLineTools/SDKs/MacOSX11.1.sdk -mmacosx-version-min=10.15 -MD -MT CMakeFiles/cmTC_22ffd.dir/CurlTests.c.o -MF CMakeFiles/cmTC_22ffd.dir/CurlTests.c.o.d -o CMakeFiles/cmTC_22ffd.dir/CurlTests.c.o -c /Users/wdelaros/Desktop/Cub3D/cmake-3.27.8/Utilities/cmcurl/CMake/CurlTests.c
Linking C executable cmTC_22ffd
/Users/wdelaros/Desktop/Cub3D/cmake-3.27.8/Bootstrap.cmk/cmake -E cmake_link_script CMakeFiles/cmTC_22ffd.dir/link.txt --verbose=1
/Library/Developer/CommandLineTools/usr/bin/clang  -w -DHAVE_O_NONBLOCK  -DHAVE_INTTYPES_H -DHAVE_SYS_FILIO_H -DHAVE_SYS_IOCTL_H -DHAVE_SYS_PARAM_H -DHAVE_SYS_POLL_H -DHAVE_SYS_RESOURCE_H -DHAVE_SYS_SELECT_H -DHAVE_SYS_SOCKET_H -DHAVE_SYS_SOCKIO_H -DHAVE_SYS_STAT_H -DHAVE_SYS_TIME_H -DHAVE_SYS_TYPES_H -DHAVE_SYS_UN_H -DHAVE_SYS_XATTR_H -DHAVE_ARPA_INET_H -DHAVE_ARPA_TFTP_H -DHAVE_FCNTL_H -DHAVE_IFADDRS_H -DHAVE_LIBGEN_H -DHAVE_LOCALE_H -DHAVE_NET_IF_H -DHAVE_NETDB_H -DHAVE_NETINET_IN_H -DHAVE_NETINET_TCP_H -DHAVE_POLL_H -DHAVE_PWD_H -DHAVE_SETJMP_H -DHAVE_SIGNAL_H -DHAVE_STDBOOL_H -DHAVE_STDINT_H -DHAVE_STDLIB_H -DHAVE_STRING_H -DHAVE_STRINGS_H -DHAVE_TERMIOS_H -DHAVE_TIME_H -DHAVE_UNISTD_H -DHAVE_UTIME_H -DHAVE_STDDEF_H -DHAVE_SYS_UTSNAME_H -isysroot /Library/Developer/CommandLineTools/SDKs/MacOSX11.1.sdk -mmacosx-version-min=10.15 -Wl,-search_paths_first -Wl,-headerpad_max_install_names CMakeFiles/cmTC_22ffd.dir/CurlTests.c.o -o cmTC_22ffd 
Undefined symbols for architecture x86_64:
  "_main", referenced from:
     implicit entry/start for main executable
ld: symbol(s) not found for architecture x86_64
clang: error: linker command failed with exit code 1 (use -v to see invocation)
make[1]: *** [cmTC_22ffd] Error 1
make: *** [cmTC_22ffd/fast] Error 2


Performing Curl Test HAVE_GETHOSTBYNAME_R_3 failed with the following output:
Change Dir: '/Users/wdelaros/Desktop/Cub3D/cmake-3.27.8/CMakeFiles/CMakeTmp'

Run Build Command(s): /Users/wdelaros/Desktop/Cub3D/cmake-3.27.8/Bootstrap.cmk/cmake -E env VERBOSE=1 /usr/bin/make -f Makefile cmTC_6683d/fast
make  -f CMakeFiles/cmTC_6683d.dir/build.make CMakeFiles/cmTC_6683d.dir/build
Building C object CMakeFiles/cmTC_6683d.dir/CurlTests.c.o
/Library/Developer/CommandLineTools/usr/bin/clang   -w -DHAVE_GETHOSTBYNAME_R_3  -DHAVE_INTTYPES_H -DHAVE_SYS_FILIO_H -DHAVE_SYS_IOCTL_H -DHAVE_SYS_PARAM_H -DHAVE_SYS_POLL_H -DHAVE_SYS_RESOURCE_H -DHAVE_SYS_SELECT_H -DHAVE_SYS_SOCKET_H -DHAVE_SYS_SOCKIO_H -DHAVE_SYS_STAT_H -DHAVE_SYS_TIME_H -DHAVE_SYS_TYPES_H -DHAVE_SYS_UN_H -DHAVE_SYS_XATTR_H -DHAVE_ARPA_INET_H -DHAVE_ARPA_TFTP_H -DHAVE_FCNTL_H -DHAVE_IFADDRS_H -DHAVE_LIBGEN_H -DHAVE_LOCALE_H -DHAVE_NET_IF_H -DHAVE_NETDB_H -DHAVE_NETINET_IN_H -DHAVE_NETINET_TCP_H -DHAVE_POLL_H -DHAVE_PWD_H -DHAVE_SETJMP_H -DHAVE_SIGNAL_H -DHAVE_STDBOOL_H -DHAVE_STDINT_H -DHAVE_STDLIB_H -DHAVE_STRING_H -DHAVE_STRINGS_H -DHAVE_TERMIOS_H -DHAVE_TIME_H -DHAVE_UNISTD_H -DHAVE_UTIME_H -DHAVE_STDDEF_H -DHAVE_SYS_UTSNAME_H -isysroot /Library/Developer/CommandLineTools/SDKs/MacOSX11.1.sdk -mmacosx-version-min=10.15 -MD -MT CMakeFiles/cmTC_6683d.dir/CurlTests.c.o -MF CMakeFiles/cmTC_6683d.dir/CurlTests.c.o.d -o CMakeFiles/cmTC_6683d.dir/CurlTests.c.o -c /Users/wdelaros/Desktop/Cub3D/cmake-3.27.8/Utilities/cmcurl/CMake/CurlTests.c
/Users/wdelaros/Desktop/Cub3D/cmake-3.27.8/Utilities/cmcurl/CMake/CurlTests.c:99:23: error: variable has incomplete type 'struct hostent_data'
  struct hostent_data hdata;
                      ^
/Users/wdelaros/Desktop/Cub3D/cmake-3.27.8/Utilities/cmcurl/CMake/CurlTests.c:99:10: note: forward declaration of 'struct hostent_data'
  struct hostent_data hdata;
         ^
1 error generated.
make[1]: *** [CMakeFiles/cmTC_6683d.dir/CurlTests.c.o] Error 1
make: *** [cmTC_6683d/fast] Error 2


Performing Curl Test HAVE_GETHOSTBYNAME_R_5 failed with the following output:
Change Dir: '/Users/wdelaros/Desktop/Cub3D/cmake-3.27.8/CMakeFiles/CMakeTmp'

Run Build Command(s): /Users/wdelaros/Desktop/Cub3D/cmake-3.27.8/Bootstrap.cmk/cmake -E env VERBOSE=1 /usr/bin/make -f Makefile cmTC_e7fdf/fast
make  -f CMakeFiles/cmTC_e7fdf.dir/build.make CMakeFiles/cmTC_e7fdf.dir/build
Building C object CMakeFiles/cmTC_e7fdf.dir/CurlTests.c.o
/Library/Developer/CommandLineTools/usr/bin/clang   -w -DHAVE_GETHOSTBYNAME_R_5  -DHAVE_INTTYPES_H -DHAVE_SYS_FILIO_H -DHAVE_SYS_IOCTL_H -DHAVE_SYS_PARAM_H -DHAVE_SYS_POLL_H -DHAVE_SYS_RESOURCE_H -DHAVE_SYS_SELECT_H -DHAVE_SYS_SOCKET_H -DHAVE_SYS_SOCKIO_H -DHAVE_SYS_STAT_H -DHAVE_SYS_TIME_H -DHAVE_SYS_TYPES_H -DHAVE_SYS_UN_H -DHAVE_SYS_XATTR_H -DHAVE_ARPA_INET_H -DHAVE_ARPA_TFTP_H -DHAVE_FCNTL_H -DHAVE_IFADDRS_H -DHAVE_LIBGEN_H -DHAVE_LOCALE_H -DHAVE_NET_IF_H -DHAVE_NETDB_H -DHAVE_NETINET_IN_H -DHAVE_NETINET_TCP_H -DHAVE_POLL_H -DHAVE_PWD_H -DHAVE_SETJMP_H -DHAVE_SIGNAL_H -DHAVE_STDBOOL_H -DHAVE_STDINT_H -DHAVE_STDLIB_H -DHAVE_STRING_H -DHAVE_STRINGS_H -DHAVE_TERMIOS_H -DHAVE_TIME_H -DHAVE_UNISTD_H -DHAVE_UTIME_H -DHAVE_STDDEF_H -DHAVE_SYS_UTSNAME_H -isysroot /Library/Developer/CommandLineTools/SDKs/MacOSX11.1.sdk -mmacosx-version-min=10.15 -MD -MT CMakeFiles/cmTC_e7fdf.dir/CurlTests.c.o -MF CMakeFiles/cmTC_e7fdf.dir/CurlTests.c.o.d -o CMakeFiles/cmTC_e7fdf.dir/CurlTests.c.o -c /Users/wdelaros/Desktop/Cub3D/cmake-3.27.8/Utilities/cmcurl/CMake/CurlTests.c
Linking C executable cmTC_e7fdf
/Users/wdelaros/Desktop/Cub3D/cmake-3.27.8/Bootstrap.cmk/cmake -E cmake_link_script CMakeFiles/cmTC_e7fdf.dir/link.txt --verbose=1
/Library/Developer/CommandLineTools/usr/bin/clang  -w -DHAVE_GETHOSTBYNAME_R_5  -DHAVE_INTTYPES_H -DHAVE_SYS_FILIO_H -DHAVE_SYS_IOCTL_H -DHAVE_SYS_PARAM_H -DHAVE_SYS_POLL_H -DHAVE_SYS_RESOURCE_H -DHAVE_SYS_SELECT_H -DHAVE_SYS_SOCKET_H -DHAVE_SYS_SOCKIO_H -DHAVE_SYS_STAT_H -DHAVE_SYS_TIME_H -DHAVE_SYS_TYPES_H -DHAVE_SYS_UN_H -DHAVE_SYS_XATTR_H -DHAVE_ARPA_INET_H -DHAVE_ARPA_TFTP_H -DHAVE_FCNTL_H -DHAVE_IFADDRS_H -DHAVE_LIBGEN_H -DHAVE_LOCALE_H -DHAVE_NET_IF_H -DHAVE_NETDB_H -DHAVE_NETINET_IN_H -DHAVE_NETINET_TCP_H -DHAVE_POLL_H -DHAVE_PWD_H -DHAVE_SETJMP_H -DHAVE_SIGNAL_H -DHAVE_STDBOOL_H -DHAVE_STDINT_H -DHAVE_STDLIB_H -DHAVE_STRING_H -DHAVE_STRINGS_H -DHAVE_TERMIOS_H -DHAVE_TIME_H -DHAVE_UNISTD_H -DHAVE_UTIME_H -DHAVE_STDDEF_H -DHAVE_SYS_UTSNAME_H -isysroot /Library/Developer/CommandLineTools/SDKs/MacOSX11.1.sdk -mmacosx-version-min=10.15 -Wl,-search_paths_first -Wl,-headerpad_max_install_names CMakeFiles/cmTC_e7fdf.dir/CurlTests.c.o -o cmTC_e7fdf 
Undefined symbols for architecture x86_64:
  "_gethostbyname_r", referenced from:
      _main in CurlTests.c.o
ld: symbol(s) not found for architecture x86_64
clang: error: linker command failed with exit code 1 (use -v to see invocation)
make[1]: *** [cmTC_e7fdf] Error 1
make: *** [cmTC_e7fdf/fast] Error 2


Performing Curl Test HAVE_GETHOSTBYNAME_R_6 failed with the following output:
Change Dir: '/Users/wdelaros/Desktop/Cub3D/cmake-3.27.8/CMakeFiles/CMakeTmp'

Run Build Command(s): /Users/wdelaros/Desktop/Cub3D/cmake-3.27.8/Bootstrap.cmk/cmake -E env VERBOSE=1 /usr/bin/make -f Makefile cmTC_8878f/fast
make  -f CMakeFiles/cmTC_8878f.dir/build.make CMakeFiles/cmTC_8878f.dir/build
Building C object CMakeFiles/cmTC_8878f.dir/CurlTests.c.o
/Library/Developer/CommandLineTools/usr/bin/clang   -w -DHAVE_GETHOSTBYNAME_R_6  -DHAVE_INTTYPES_H -DHAVE_SYS_FILIO_H -DHAVE_SYS_IOCTL_H -DHAVE_SYS_PARAM_H -DHAVE_SYS_POLL_H -DHAVE_SYS_RESOURCE_H -DHAVE_SYS_SELECT_H -DHAVE_SYS_SOCKET_H -DHAVE_SYS_SOCKIO_H -DHAVE_SYS_STAT_H -DHAVE_SYS_TIME_H -DHAVE_SYS_TYPES_H -DHAVE_SYS_UN_H -DHAVE_SYS_XATTR_H -DHAVE_ARPA_INET_H -DHAVE_ARPA_TFTP_H -DHAVE_FCNTL_H -DHAVE_IFADDRS_H -DHAVE_LIBGEN_H -DHAVE_LOCALE_H -DHAVE_NET_IF_H -DHAVE_NETDB_H -DHAVE_NETINET_IN_H -DHAVE_NETINET_TCP_H -DHAVE_POLL_H -DHAVE_PWD_H -DHAVE_SETJMP_H -DHAVE_SIGNAL_H -DHAVE_STDBOOL_H -DHAVE_STDINT_H -DHAVE_STDLIB_H -DHAVE_STRING_H -DHAVE_STRINGS_H -DHAVE_TERMIOS_H -DHAVE_TIME_H -DHAVE_UNISTD_H -DHAVE_UTIME_H -DHAVE_STDDEF_H -DHAVE_SYS_UTSNAME_H -isysroot /Library/Developer/CommandLineTools/SDKs/MacOSX11.1.sdk -mmacosx-version-min=10.15 -MD -MT CMakeFiles/cmTC_8878f.dir/CurlTests.c.o -MF CMakeFiles/cmTC_8878f.dir/CurlTests.c.o.d -o CMakeFiles/cmTC_8878f.dir/CurlTests.c.o -c /Users/wdelaros/Desktop/Cub3D/cmake-3.27.8/Utilities/cmcurl/CMake/CurlTests.c
Linking C executable cmTC_8878f
/Users/wdelaros/Desktop/Cub3D/cmake-3.27.8/Bootstrap.cmk/cmake -E cmake_link_script CMakeFiles/cmTC_8878f.dir/link.txt --verbose=1
/Library/Developer/CommandLineTools/usr/bin/clang  -w -DHAVE_GETHOSTBYNAME_R_6  -DHAVE_INTTYPES_H -DHAVE_SYS_FILIO_H -DHAVE_SYS_IOCTL_H -DHAVE_SYS_PARAM_H -DHAVE_SYS_POLL_H -DHAVE_SYS_RESOURCE_H -DHAVE_SYS_SELECT_H -DHAVE_SYS_SOCKET_H -DHAVE_SYS_SOCKIO_H -DHAVE_SYS_STAT_H -DHAVE_SYS_TIME_H -DHAVE_SYS_TYPES_H -DHAVE_SYS_UN_H -DHAVE_SYS_XATTR_H -DHAVE_ARPA_INET_H -DHAVE_ARPA_TFTP_H -DHAVE_FCNTL_H -DHAVE_IFADDRS_H -DHAVE_LIBGEN_H -DHAVE_LOCALE_H -DHAVE_NET_IF_H -DHAVE_NETDB_H -DHAVE_NETINET_IN_H -DHAVE_NETINET_TCP_H -DHAVE_POLL_H -DHAVE_PWD_H -DHAVE_SETJMP_H -DHAVE_SIGNAL_H -DHAVE_STDBOOL_H -DHAVE_STDINT_H -DHAVE_STDLIB_H -DHAVE_STRING_H -DHAVE_STRINGS_H -DHAVE_TERMIOS_H -DHAVE_TIME_H -DHAVE_UNISTD_H -DHAVE_UTIME_H -DHAVE_STDDEF_H -DHAVE_SYS_UTSNAME_H -isysroot /Library/Developer/CommandLineTools/SDKs/MacOSX11.1.sdk -mmacosx-version-min=10.15 -Wl,-search_paths_first -Wl,-headerpad_max_install_names CMakeFiles/cmTC_8878f.dir/CurlTests.c.o -o cmTC_8878f 
Undefined symbols for architecture x86_64:
  "_gethostbyname_r", referenced from:
      _main in CurlTests.c.o
ld: symbol(s) not found for architecture x86_64
clang: error: linker command failed with exit code 1 (use -v to see invocation)
make[1]: *** [cmTC_8878f] Error 1
make: *** [cmTC_8878f/fast] Error 2


Performing Curl Test HAVE_GETHOSTBYNAME_R_3_REENTRANT failed with the following output:
Change Dir: '/Users/wdelaros/Desktop/Cub3D/cmake-3.27.8/CMakeFiles/CMakeTmp'

Run Build Command(s): /Users/wdelaros/Desktop/Cub3D/cmake-3.27.8/Bootstrap.cmk/cmake -E env VERBOSE=1 /usr/bin/make -f Makefile cmTC_ff496/fast
make  -f CMakeFiles/cmTC_ff496.dir/build.make CMakeFiles/cmTC_ff496.dir/build
Building C object CMakeFiles/cmTC_ff496.dir/CurlTests.c.o
/Library/Developer/CommandLineTools/usr/bin/clang   -w -DHAVE_GETHOSTBYNAME_R_3_REENTRANT  -DHAVE_INTTYPES_H -DHAVE_SYS_FILIO_H -DHAVE_SYS_IOCTL_H -DHAVE_SYS_PARAM_H -DHAVE_SYS_POLL_H -DHAVE_SYS_RESOURCE_H -DHAVE_SYS_SELECT_H -DHAVE_SYS_SOCKET_H -DHAVE_SYS_SOCKIO_H -DHAVE_SYS_STAT_H -DHAVE_SYS_TIME_H -DHAVE_SYS_TYPES_H -DHAVE_SYS_UN_H -DHAVE_SYS_XATTR_H -DHAVE_ARPA_INET_H -DHAVE_ARPA_TFTP_H -DHAVE_FCNTL_H -DHAVE_IFADDRS_H -DHAVE_LIBGEN_H -DHAVE_LOCALE_H -DHAVE_NET_IF_H -DHAVE_NETDB_H -DHAVE_NETINET_IN_H -DHAVE_NETINET_TCP_H -DHAVE_POLL_H -DHAVE_PWD_H -DHAVE_SETJMP_H -DHAVE_SIGNAL_H -DHAVE_STDBOOL_H -DHAVE_STDINT_H -DHAVE_STDLIB_H -DHAVE_STRING_H -DHAVE_STRINGS_H -DHAVE_TERMIOS_H -DHAVE_TIME_H -DHAVE_UNISTD_H -DHAVE_UTIME_H -DHAVE_STDDEF_H -DHAVE_SYS_UTSNAME_H -isysroot /Library/Developer/CommandLineTools/SDKs/MacOSX11.1.sdk -mmacosx-version-min=10.15 -MD -MT CMakeFiles/cmTC_ff496.dir/CurlTests.c.o -MF CMakeFiles/cmTC_ff496.dir/CurlTests.c.o.d -o CMakeFiles/cmTC_ff496.dir/CurlTests.c.o -c /Users/wdelaros/Desktop/Cub3D/cmake-3.27.8/Utilities/cmcurl/CMake/CurlTests.c
/Users/wdelaros/Desktop/Cub3D/cmake-3.27.8/Utilities/cmcurl/CMake/CurlTests.c:99:23: error: variable has incomplete type 'struct hostent_data'
  struct hostent_data hdata;
                      ^
/Users/wdelaros/Desktop/Cub3D/cmake-3.27.8/Utilities/cmcurl/CMake/CurlTests.c:99:10: note: forward declaration of 'struct hostent_data'
  struct hostent_data hdata;
         ^
1 error generated.
make[1]: *** [CMakeFiles/cmTC_ff496.dir/CurlTests.c.o] Error 1
make: *** [cmTC_ff496/fast] Error 2


Performing Curl Test HAVE_GETHOSTBYNAME_R_5_REENTRANT failed with the following output:
Change Dir: '/Users/wdelaros/Desktop/Cub3D/cmake-3.27.8/CMakeFiles/CMakeTmp'

Run Build Command(s): /Users/wdelaros/Desktop/Cub3D/cmake-3.27.8/Bootstrap.cmk/cmake -E env VERBOSE=1 /usr/bin/make -f Makefile cmTC_d8bbd/fast
make  -f CMakeFiles/cmTC_d8bbd.dir/build.make CMakeFiles/cmTC_d8bbd.dir/build
Building C object CMakeFiles/cmTC_d8bbd.dir/CurlTests.c.o
/Library/Developer/CommandLineTools/usr/bin/clang   -w -DHAVE_GETHOSTBYNAME_R_5_REENTRANT  -DHAVE_INTTYPES_H -DHAVE_SYS_FILIO_H -DHAVE_SYS_IOCTL_H -DHAVE_SYS_PARAM_H -DHAVE_SYS_POLL_H -DHAVE_SYS_RESOURCE_H -DHAVE_SYS_SELECT_H -DHAVE_SYS_SOCKET_H -DHAVE_SYS_SOCKIO_H -DHAVE_SYS_STAT_H -DHAVE_SYS_TIME_H -DHAVE_SYS_TYPES_H -DHAVE_SYS_UN_H -DHAVE_SYS_XATTR_H -DHAVE_ARPA_INET_H -DHAVE_ARPA_TFTP_H -DHAVE_FCNTL_H -DHAVE_IFADDRS_H -DHAVE_LIBGEN_H -DHAVE_LOCALE_H -DHAVE_NET_IF_H -DHAVE_NETDB_H -DHAVE_NETINET_IN_H -DHAVE_NETINET_TCP_H -DHAVE_POLL_H -DHAVE_PWD_H -DHAVE_SETJMP_H -DHAVE_SIGNAL_H -DHAVE_STDBOOL_H -DHAVE_STDINT_H -DHAVE_STDLIB_H -DHAVE_STRING_H -DHAVE_STRINGS_H -DHAVE_TERMIOS_H -DHAVE_TIME_H -DHAVE_UNISTD_H -DHAVE_UTIME_H -DHAVE_STDDEF_H -DHAVE_SYS_UTSNAME_H -isysroot /Library/Developer/CommandLineTools/SDKs/MacOSX11.1.sdk -mmacosx-version-min=10.15 -MD -MT CMakeFiles/cmTC_d8bbd.dir/CurlTests.c.o -MF CMakeFiles/cmTC_d8bbd.dir/CurlTests.c.o.d -o CMakeFiles/cmTC_d8bbd.dir/CurlTests.c.o -c /Users/wdelaros/Desktop/Cub3D/cmake-3.27.8/Utilities/cmcurl/CMake/CurlTests.c
Linking C executable cmTC_d8bbd
/Users/wdelaros/Desktop/Cub3D/cmake-3.27.8/Bootstrap.cmk/cmake -E cmake_link_script CMakeFiles/cmTC_d8bbd.dir/link.txt --verbose=1
/Library/Developer/CommandLineTools/usr/bin/clang  -w -DHAVE_GETHOSTBYNAME_R_5_REENTRANT  -DHAVE_INTTYPES_H -DHAVE_SYS_FILIO_H -DHAVE_SYS_IOCTL_H -DHAVE_SYS_PARAM_H -DHAVE_SYS_POLL_H -DHAVE_SYS_RESOURCE_H -DHAVE_SYS_SELECT_H -DHAVE_SYS_SOCKET_H -DHAVE_SYS_SOCKIO_H -DHAVE_SYS_STAT_H -DHAVE_SYS_TIME_H -DHAVE_SYS_TYPES_H -DHAVE_SYS_UN_H -DHAVE_SYS_XATTR_H -DHAVE_ARPA_INET_H -DHAVE_ARPA_TFTP_H -DHAVE_FCNTL_H -DHAVE_IFADDRS_H -DHAVE_LIBGEN_H -DHAVE_LOCALE_H -DHAVE_NET_IF_H -DHAVE_NETDB_H -DHAVE_NETINET_IN_H -DHAVE_NETINET_TCP_H -DHAVE_POLL_H -DHAVE_PWD_H -DHAVE_SETJMP_H -DHAVE_SIGNAL_H -DHAVE_STDBOOL_H -DHAVE_STDINT_H -DHAVE_STDLIB_H -DHAVE_STRING_H -DHAVE_STRINGS_H -DHAVE_TERMIOS_H -DHAVE_TIME_H -DHAVE_UNISTD_H -DHAVE_UTIME_H -DHAVE_STDDEF_H -DHAVE_SYS_UTSNAME_H -isysroot /Library/Developer/CommandLineTools/SDKs/MacOSX11.1.sdk -mmacosx-version-min=10.15 -Wl,-search_paths_first -Wl,-headerpad_max_install_names CMakeFiles/cmTC_d8bbd.dir/CurlTests.c.o -o cmTC_d8bbd 
Undefined symbols for architecture x86_64:
  "_gethostbyname_r", referenced from:
      _main in CurlTests.c.o
ld: symbol(s) not found for architecture x86_64
clang: error: linker command failed with exit code 1 (use -v to see invocation)
make[1]: *** [cmTC_d8bbd] Error 1
make: *** [cmTC_d8bbd/fast] Error 2


Performing Curl Test HAVE_GETHOSTBYNAME_R_6_REENTRANT failed with the following output:
Change Dir: '/Users/wdelaros/Desktop/Cub3D/cmake-3.27.8/CMakeFiles/CMakeTmp'

Run Build Command(s): /Users/wdelaros/Desktop/Cub3D/cmake-3.27.8/Bootstrap.cmk/cmake -E env VERBOSE=1 /usr/bin/make -f Makefile cmTC_56a46/fast
make  -f CMakeFiles/cmTC_56a46.dir/build.make CMakeFiles/cmTC_56a46.dir/build
Building C object CMakeFiles/cmTC_56a46.dir/CurlTests.c.o
/Library/Developer/CommandLineTools/usr/bin/clang   -w -DHAVE_GETHOSTBYNAME_R_6_REENTRANT  -DHAVE_INTTYPES_H -DHAVE_SYS_FILIO_H -DHAVE_SYS_IOCTL_H -DHAVE_SYS_PARAM_H -DHAVE_SYS_POLL_H -DHAVE_SYS_RESOURCE_H -DHAVE_SYS_SELECT_H -DHAVE_SYS_SOCKET_H -DHAVE_SYS_SOCKIO_H -DHAVE_SYS_STAT_H -DHAVE_SYS_TIME_H -DHAVE_SYS_TYPES_H -DHAVE_SYS_UN_H -DHAVE_SYS_XATTR_H -DHAVE_ARPA_INET_H -DHAVE_ARPA_TFTP_H -DHAVE_FCNTL_H -DHAVE_IFADDRS_H -DHAVE_LIBGEN_H -DHAVE_LOCALE_H -DHAVE_NET_IF_H -DHAVE_NETDB_H -DHAVE_NETINET_IN_H -DHAVE_NETINET_TCP_H -DHAVE_POLL_H -DHAVE_PWD_H -DHAVE_SETJMP_H -DHAVE_SIGNAL_H -DHAVE_STDBOOL_H -DHAVE_STDINT_H -DHAVE_STDLIB_H -DHAVE_STRING_H -DHAVE_STRINGS_H -DHAVE_TERMIOS_H -DHAVE_TIME_H -DHAVE_UNISTD_H -DHAVE_UTIME_H -DHAVE_STDDEF_H -DHAVE_SYS_UTSNAME_H -isysroot /Library/Developer/CommandLineTools/SDKs/MacOSX11.1.sdk -mmacosx-version-min=10.15 -MD -MT CMakeFiles/cmTC_56a46.dir/CurlTests.c.o -MF CMakeFiles/cmTC_56a46.dir/CurlTests.c.o.d -o CMakeFiles/cmTC_56a46.dir/CurlTests.c.o -c /Users/wdelaros/Desktop/Cub3D/cmake-3.27.8/Utilities/cmcurl/CMake/CurlTests.c
Linking C executable cmTC_56a46
/Users/wdelaros/Desktop/Cub3D/cmake-3.27.8/Bootstrap.cmk/cmake -E cmake_link_script CMakeFiles/cmTC_56a46.dir/link.txt --verbose=1
/Library/Developer/CommandLineTools/usr/bin/clang  -w -DHAVE_GETHOSTBYNAME_R_6_REENTRANT  -DHAVE_INTTYPES_H -DHAVE_SYS_FILIO_H -DHAVE_SYS_IOCTL_H -DHAVE_SYS_PARAM_H -DHAVE_SYS_POLL_H -DHAVE_SYS_RESOURCE_H -DHAVE_SYS_SELECT_H -DHAVE_SYS_SOCKET_H -DHAVE_SYS_SOCKIO_H -DHAVE_SYS_STAT_H -DHAVE_SYS_TIME_H -DHAVE_SYS_TYPES_H -DHAVE_SYS_UN_H -DHAVE_SYS_XATTR_H -DHAVE_ARPA_INET_H -DHAVE_ARPA_TFTP_H -DHAVE_FCNTL_H -DHAVE_IFADDRS_H -DHAVE_LIBGEN_H -DHAVE_LOCALE_H -DHAVE_NET_IF_H -DHAVE_NETDB_H -DHAVE_NETINET_IN_H -DHAVE_NETINET_TCP_H -DHAVE_POLL_H -DHAVE_PWD_H -DHAVE_SETJMP_H -DHAVE_SIGNAL_H -DHAVE_STDBOOL_H -DHAVE_STDINT_H -DHAVE_STDLIB_H -DHAVE_STRING_H -DHAVE_STRINGS_H -DHAVE_TERMIOS_H -DHAVE_TIME_H -DHAVE_UNISTD_H -DHAVE_UTIME_H -DHAVE_STDDEF_H -DHAVE_SYS_UTSNAME_H -isysroot /Library/Developer/CommandLineTools/SDKs/MacOSX11.1.sdk -mmacosx-version-min=10.15 -Wl,-search_paths_first -Wl,-headerpad_max_install_names CMakeFiles/cmTC_56a46.dir/CurlTests.c.o -o cmTC_56a46 
Undefined symbols for architecture x86_64:
  "_gethostbyname_r", referenced from:
      _main in CurlTests.c.o
ld: symbol(s) not found for architecture x86_64
clang: error: linker command failed with exit code 1 (use -v to see invocation)
make[1]: *** [cmTC_56a46] Error 1
make: *** [cmTC_56a46/fast] Error 2


Performing Curl Test HAVE_GLIBC_STRERROR_R failed with the following output:
Change Dir: '/Users/wdelaros/Desktop/Cub3D/cmake-3.27.8/CMakeFiles/CMakeTmp'

Run Build Command(s): /Users/wdelaros/Desktop/Cub3D/cmake-3.27.8/Bootstrap.cmk/cmake -E env VERBOSE=1 /usr/bin/make -f Makefile cmTC_f0f8b/fast
make  -f CMakeFiles/cmTC_f0f8b.dir/build.make CMakeFiles/cmTC_f0f8b.dir/build
Building C object CMakeFiles/cmTC_f0f8b.dir/CurlTests.c.o
/Library/Developer/CommandLineTools/usr/bin/clang   -w -DHAVE_GLIBC_STRERROR_R  -DHAVE_INTTYPES_H -DHAVE_SYS_FILIO_H -DHAVE_SYS_IOCTL_H -DHAVE_SYS_PARAM_H -DHAVE_SYS_POLL_H -DHAVE_SYS_RESOURCE_H -DHAVE_SYS_SELECT_H -DHAVE_SYS_SOCKET_H -DHAVE_SYS_SOCKIO_H -DHAVE_SYS_STAT_H -DHAVE_SYS_TIME_H -DHAVE_SYS_TYPES_H -DHAVE_SYS_UN_H -DHAVE_SYS_XATTR_H -DHAVE_ARPA_INET_H -DHAVE_ARPA_TFTP_H -DHAVE_FCNTL_H -DHAVE_IFADDRS_H -DHAVE_LIBGEN_H -DHAVE_LOCALE_H -DHAVE_NET_IF_H -DHAVE_NETDB_H -DHAVE_NETINET_IN_H -DHAVE_NETINET_TCP_H -DHAVE_POLL_H -DHAVE_PWD_H -DHAVE_SETJMP_H -DHAVE_SIGNAL_H -DHAVE_STDBOOL_H -DHAVE_STDINT_H -DHAVE_STDLIB_H -DHAVE_STRING_H -DHAVE_STRINGS_H -DHAVE_TERMIOS_H -DHAVE_TIME_H -DHAVE_UNISTD_H -DHAVE_UTIME_H -DHAVE_STDDEF_H -DHAVE_SYS_UTSNAME_H -isysroot /Library/Developer/CommandLineTools/SDKs/MacOSX11.1.sdk -mmacosx-version-min=10.15 -MD -MT CMakeFiles/cmTC_f0f8b.dir/CurlTests.c.o -MF CMakeFiles/cmTC_f0f8b.dir/CurlTests.c.o.d -o CMakeFiles/cmTC_f0f8b.dir/CurlTests.c.o -c /Users/wdelaros/Desktop/Cub3D/cmake-3.27.8/Utilities/cmcurl/CMake/CurlTests.c
/Users/wdelaros/Desktop/Cub3D/cmake-3.27.8/Utilities/cmcurl/CMake/CurlTests.c:400:51: error: subscripted value is not an array, pointer, or vector
  check(strerror_r(EACCES, buffer, sizeof(buffer))[0]);
        ~~~~~~~~~~~~~~~~~~~~~~~~~~~~~~~~~~~~~~~~~~^~
1 error generated.
make[1]: *** [CMakeFiles/cmTC_f0f8b.dir/CurlTests.c.o] Error 1
make: *** [cmTC_f0f8b/fast] Error 2


Looking for a Fortran compiler failed with the following output:
-- The Fortran compiler identification is unknown
CMake Error at CMakeLists.txt:2 (project):
  No CMAKE_Fortran_COMPILER could be found.

  Tell CMake where to find the compiler by setting either the environment
  variable "FC" or the CMake cache entry CMAKE_Fortran_COMPILER to the full
  path to the compiler, or to the compiler name if it is in the PATH.


-- Configuring incomplete, errors occurred!

